# JRE version: Java(TM) SE Runtime Environment (8.0_65-b17) (build 1.8.0_65-b17)
# Java VM: Java HotSpot(TM) 64-Bit Server VM (25.65-b01 mixed mode windows-amd64 compressed oops)
Heap:
 PSYoungGen      total 234496K, used 192589K [0x00000000eab00000, 0x0000000100000000, 0x0000000100000000)
  eden space 144384K, 97% used [0x00000000eab00000,0x00000000f346c8e0,0x00000000f3800000)
  from space 90112K, 57% used [0x00000000fa800000,0x00000000fdaa6d38,0x0000000100000000)
  to   space 102400K, 0% used [0x00000000f3800000,0x00000000f3800000,0x00000000f9c00000)
 ParOldGen       total 225280K, used 115405K [0x00000000c0000000, 0x00000000cdc00000, 0x00000000eab00000)
  object space 225280K, 51% used [0x00000000c0000000,0x00000000c70b36e0,0x00000000cdc00000)
 Metaspace       used 6370K, capacity 7192K, committed 7424K, reserved 1056768K
  class space    used 611K, capacity 656K, committed 768K, reserved 1048576K
GC Heap History (10 events):
Event: 11.178 GC heap before
{Heap before GC invocations=8 (full 1):
 PSYoungGen      total 152064K, used 128142K [0x00000000eab00000, 0x00000000f7a80000, 0x0000000100000000)
  eden space 119296K, 100% used [0x00000000eab00000,0x00000000f1f80000,0x00000000f1f80000)
  from space 32768K, 26% used [0x00000000f5a80000,0x00000000f6323b90,0x00000000f7a80000)
  to   space 46592K, 0% used [0x00000000f1f80000,0x00000000f1f80000,0x00000000f4d00000)
 ParOldGen       total 165888K, used 84892K [0x00000000c0000000, 0x00000000ca200000, 0x00000000eab00000)
  object space 165888K, 51% used [0x00000000c0000000,0x00000000c52e7150,0x00000000ca200000)
 Metaspace       used 6242K, capacity 7128K, committed 7424K, reserved 1056768K
  class space    used 610K, capacity 656K, committed 768K, reserved 1048576K
Event: 11.235 GC heap after
Heap after GC invocations=8 (full 1):
 PSYoungGen      total 165888K, used 33786K [0x00000000eab00000, 0x00000000fd800000, 0x0000000100000000)
  eden space 119296K, 0% used [0x00000000eab00000,0x00000000eab00000,0x00000000f1f80000)
  from space 46592K, 72% used [0x00000000f1f80000,0x00000000f407eb28,0x00000000f4d00000)
  to   space 49152K, 0% used [0x00000000fa800000,0x00000000fa800000,0x00000000fd800000)
 ParOldGen       total 165888K, used 84892K [0x00000000c0000000, 0x00000000ca200000, 0x00000000eab00000)
  object space 165888K, 51% used [0x00000000c0000000,0x00000000c52e7150,0x00000000ca200000)
 Metaspace       used 6242K, capacity 7128K, committed 7424K, reserved 1056768K
  class space    used 610K, capacity 656K, committed 768K, reserved 1048576K
}
Event: 16.342 GC heap before
{Heap before GC invocations=9 (full 1):
 PSYoungGen      total 165888K, used 153082K [0x00000000eab00000, 0x00000000fd800000, 0x0000000100000000)
  eden space 119296K, 100% used [0x00000000eab00000,0x00000000f1f80000,0x00000000f1f80000)
  from space 46592K, 72% used [0x00000000f1f80000,0x00000000f407eb28,0x00000000f4d00000)
  to   space 49152K, 0% used [0x00000000fa800000,0x00000000fa800000,0x00000000fd800000)
 ParOldGen       total 165888K, used 84892K [0x00000000c0000000, 0x00000000ca200000, 0x00000000eab00000)
  object space 165888K, 51% used [0x00000000c0000000,0x00000000c52e7150,0x00000000ca200000)
 Metaspace       used 6310K, capacity 7192K, committed 7424K, reserved 1056768K
  class space    used 611K, capacity 656K, committed 768K, reserved 1048576K
Event: 16.912 GC heap after
Heap after GC invocations=9 (full 1):
 PSYoungGen      total 239104K, used 49125K [0x00000000eab00000, 0x00000000ffe80000, 0x0000000100000000)
  eden space 189952K, 0% used [0x00000000eab00000,0x00000000eab00000,0x00000000f6480000)
  from space 49152K, 99% used [0x00000000fa800000,0x00000000fd7f9468,0x00000000fd800000)
  to   space 69120K, 0% used [0x00000000f6480000,0x00000000f6480000,0x00000000fa800000)
 ParOldGen       total 165888K, used 110299K [0x00000000c0000000, 0x00000000ca200000, 0x00000000eab00000)
  object space 165888K, 66% used [0x00000000c0000000,0x00000000c6bb6cf8,0x00000000ca200000)
 Metaspace       used 6310K, capacity 7192K, committed 7424K, reserved 1056768K
  class space    used 611K, capacity 656K, committed 768K, reserved 1048576K
}
Event: 19.017 GC heap before
{Heap before GC invocations=10 (full 1):
 PSYoungGen      total 239104K, used 239077K [0x00000000eab00000, 0x00000000ffe80000, 0x0000000100000000)
  eden space 189952K, 100% used [0x00000000eab00000,0x00000000f6480000,0x00000000f6480000)
  from space 49152K, 99% used [0x00000000fa800000,0x00000000fd7f9468,0x00000000fd800000)
  to   space 69120K, 0% used [0x00000000f6480000,0x00000000f6480000,0x00000000fa800000)
 ParOldGen       total 165888K, used 110299K [0x00000000c0000000, 0x00000000ca200000, 0x00000000eab00000)
  object space 165888K, 66% used [0x00000000c0000000,0x00000000c6bb6cf8,0x00000000ca200000)
 Metaspace       used 6311K, capacity 7192K, committed 7424K, reserved 1056768K
  class space    used 611K, capacity 656K, committed 768K, reserved 1048576K
Event: 19.690 GC heap after
Heap after GC invocations=10 (full 1):
 PSYoungGen      total 259072K, used 69111K [0x00000000eab00000, 0x0000000100000000, 0x0000000100000000)
  eden space 189952K, 0% used [0x00000000eab00000,0x00000000eab00000,0x00000000f6480000)
  from space 69120K, 99% used [0x00000000f6480000,0x00000000fa7fdf98,0x00000000fa800000)
  to   space 90112K, 0% used [0x00000000fa800000,0x00000000fa800000,0x0000000100000000)
 ParOldGen       total 168960K, used 168694K [0x00000000c0000000, 0x00000000ca500000, 0x00000000eab00000)
  object space 168960K, 99% used [0x00000000c0000000,0x00000000ca4bdb30,0x00000000ca500000)
 Metaspace       used 6311K, capacity 7192K, committed 7424K, reserved 1056768K
  class space    used 611K, capacity 656K, committed 768K, reserved 1048576K
}
Event: 19.690 GC heap before
{Heap before GC invocations=11 (full 2):
 PSYoungGen      total 259072K, used 69111K [0x00000000eab00000, 0x0000000100000000, 0x0000000100000000)
  eden space 189952K, 0% used [0x00000000eab00000,0x00000000eab00000,0x00000000f6480000)
  from space 69120K, 99% used [0x00000000f6480000,0x00000000fa7fdf98,0x00000000fa800000)
  to   space 90112K, 0% used [0x00000000fa800000,0x00000000fa800000,0x0000000100000000)
 ParOldGen       total 168960K, used 168694K [0x00000000c0000000, 0x00000000ca500000, 0x00000000eab00000)
  object space 168960K, 99% used [0x00000000c0000000,0x00000000ca4bdb30,0x00000000ca500000)
 Metaspace       used 6311K, capacity 7192K, committed 7424K, reserved 1056768K
  class space    used 611K, capacity 656K, committed 768K, reserved 1048576K
Event: 21.670 GC heap after
Heap after GC invocations=11 (full 2):
 PSYoungGen      total 259072K, used 0K [0x00000000eab00000, 0x0000000100000000, 0x0000000100000000)
  eden space 189952K, 0% used [0x00000000eab00000,0x00000000eab00000,0x00000000f6480000)
  from space 69120K, 0% used [0x00000000f6480000,0x00000000f6480000,0x00000000fa800000)
  to   space 90112K, 0% used [0x00000000fa800000,0x00000000fa800000,0x0000000100000000)
 ParOldGen       total 225280K, used 115397K [0x00000000c0000000, 0x00000000cdc00000, 0x00000000eab00000)
  object space 225280K, 51% used [0x00000000c0000000,0x00000000c70b16e0,0x00000000cdc00000)
 Metaspace       used 6311K, capacity 7192K, committed 7424K, reserved 1056768K
  class space    used 611K, capacity 656K, committed 768K, reserved 1048576K
}
Event: 22.851 GC heap before
{Heap before GC invocations=12 (full 2):
 PSYoungGen      total 259072K, used 189952K [0x00000000eab00000, 0x0000000100000000, 0x0000000100000000)
  eden space 189952K, 100% used [0x00000000eab00000,0x00000000f6480000,0x00000000f6480000)
  from space 69120K, 0% used [0x00000000f6480000,0x00000000f6480000,0x00000000fa800000)
  to   space 90112K, 0% used [0x00000000fa800000,0x00000000fa800000,0x0000000100000000)
 ParOldGen       total 225280K, used 115397K [0x00000000c0000000, 0x00000000cdc00000, 0x00000000eab00000)
  object space 225280K, 51% used [0x00000000c0000000,0x00000000c70b16e0,0x00000000cdc00000)
 Metaspace       used 6353K, capacity 7192K, committed 7424K, reserved 1056768K
  class space    used 611K, capacity 656K, committed 768K, reserved 1048576K
Event: 22.937 GC heap after
Heap after GC invocations=12 (full 2):
 PSYoungGen      total 234496K, used 51867K [0x00000000eab00000, 0x0000000100000000, 0x0000000100000000)
  eden space 144384K, 0% used [0x00000000eab00000,0x00000000eab00000,0x00000000f3800000)
  from space 90112K, 57% used [0x00000000fa800000,0x00000000fdaa6d38,0x0000000100000000)
  to   space 102400K, 0% used [0x00000000f3800000,0x00000000f3800000,0x00000000f9c00000)
 ParOldGen       total 225280K, used 115405K [0x00000000c0000000, 0x00000000cdc00000, 0x00000000eab00000)
  object space 225280K, 51% used [0x00000000c0000000,0x00000000c70b36e0,0x00000000cdc00000)
 Metaspace       used 6353K, capacity 7192K, committed 7424K, reserved 1056768K
  class space    used 611K, capacity 656K, committed 768K, reserved 1048576K
}

